Analysis & Synthesis report for de0verilog
Mon Apr  6 18:21:53 2026
Quartus Prime Version 25.1std.0 Build 1129 10/21/2025 SC Lite Edition


---------------------
; Table of Contents ;
---------------------
  1. Legal Notice
  2. Analysis & Synthesis Summary
  3. Analysis & Synthesis Settings
  4. Parallel Compilation
  5. Analysis & Synthesis Source Files Read
  6. Analysis & Synthesis Resource Usage Summary
  7. Analysis & Synthesis Resource Utilization by Entity
  8. State Machine - |de0_uart_top|uart:u_uart|receiver:uart_rx|state
  9. State Machine - |de0_uart_top|uart:u_uart|transmitter:uart_tx|state
 10. Registers Removed During Synthesis
 11. General Register Statistics
 12. Inverted Register Statistics
 13. Multiplexer Restructuring Statistics (Restructuring Performed)
 14. Parameter Settings for User Entity Instance: uart:u_uart
 15. Parameter Settings for User Entity Instance: uart:u_uart|transmitter:uart_tx
 16. Parameter Settings for User Entity Instance: uart:u_uart|receiver:uart_rx
 17. Port Connectivity Checks: "uart:u_uart|transmitter:uart_tx"
 18. Port Connectivity Checks: "uart:u_uart"
 19. Post-Synthesis Netlist Statistics for Top Partition
 20. Elapsed Time Per Partition
 21. Analysis & Synthesis Messages



----------------
; Legal Notice ;
----------------
Copyright (C) 2025  Altera Corporation. All rights reserved.
Your use of Altera Corporation's design tools, logic functions 
and other software and tools, and any partner logic 
functions, and any output files from any of the foregoing 
(including device programming or simulation files), and any 
associated documentation or information are expressly subject 
to the terms and conditions of the Altera Program License 
Subscription Agreement, the Altera Quartus Prime License Agreement,
the Altera IP License Agreement, or other applicable license
agreement, including, without limitation, that your use is for
the sole purpose of programming logic devices manufactured by
Altera and sold by Altera or its authorized distributors.  Please
refer to the Altera Software License Subscription Agreements 
on the Quartus Prime software download page.



+--------------------------------------------------------------------------------------+
; Analysis & Synthesis Summary                                                         ;
+------------------------------------+-------------------------------------------------+
; Analysis & Synthesis Status        ; Successful - Mon Apr  6 18:21:53 2026           ;
; Quartus Prime Version              ; 25.1std.0 Build 1129 10/21/2025 SC Lite Edition ;
; Revision Name                      ; de0verilog                                      ;
; Top-level Entity Name              ; de0_uart_top                                    ;
; Family                             ; Cyclone IV E                                    ;
; Total logic elements               ; 127                                             ;
;     Total combinational functions  ; 122                                             ;
;     Dedicated logic registers      ; 56                                              ;
; Total registers                    ; 56                                              ;
; Total pins                         ; 31                                              ;
; Total virtual pins                 ; 0                                               ;
; Total memory bits                  ; 0                                               ;
; Embedded Multiplier 9-bit elements ; 0                                               ;
; Total PLLs                         ; 0                                               ;
+------------------------------------+-------------------------------------------------+


+------------------------------------------------------------------------------------------------------------+
; Analysis & Synthesis Settings                                                                              ;
+------------------------------------------------------------------+--------------------+--------------------+
; Option                                                           ; Setting            ; Default Value      ;
+------------------------------------------------------------------+--------------------+--------------------+
; Device                                                           ; EP4CE22F17C6       ;                    ;
; Top-level entity name                                            ; de0_uart_top       ; de0verilog         ;
; Family name                                                      ; Cyclone IV E       ; Cyclone V          ;
; Use smart compilation                                            ; Off                ; Off                ;
; Enable parallel Assembler and Timing Analyzer during compilation ; On                 ; On                 ;
; Enable compact report table                                      ; Off                ; Off                ;
; Restructure Multiplexers                                         ; Auto               ; Auto               ;
; Create Debugging Nodes for IP Cores                              ; Off                ; Off                ;
; Preserve fewer node names                                        ; On                 ; On                 ;
; Intel FPGA IP Evaluation Mode                                    ; Enable             ; Enable             ;
; Verilog Version                                                  ; Verilog_2001       ; Verilog_2001       ;
; VHDL Version                                                     ; VHDL_1993          ; VHDL_1993          ;
; State Machine Processing                                         ; Auto               ; Auto               ;
; Safe State Machine                                               ; Off                ; Off                ;
; Extract Verilog State Machines                                   ; On                 ; On                 ;
; Extract VHDL State Machines                                      ; On                 ; On                 ;
; Ignore Verilog initial constructs                                ; Off                ; Off                ;
; Iteration limit for constant Verilog loops                       ; 5000               ; 5000               ;
; Iteration limit for non-constant Verilog loops                   ; 250                ; 250                ;
; Add Pass-Through Logic to Inferred RAMs                          ; On                 ; On                 ;
; Infer RAMs from Raw Logic                                        ; On                 ; On                 ;
; Parallel Synthesis                                               ; On                 ; On                 ;
; DSP Block Balancing                                              ; Auto               ; Auto               ;
; NOT Gate Push-Back                                               ; On                 ; On                 ;
; Power-Up Don't Care                                              ; On                 ; On                 ;
; Remove Redundant Logic Cells                                     ; Off                ; Off                ;
; Remove Duplicate Registers                                       ; On                 ; On                 ;
; Ignore CARRY Buffers                                             ; Off                ; Off                ;
; Ignore CASCADE Buffers                                           ; Off                ; Off                ;
; Ignore GLOBAL Buffers                                            ; Off                ; Off                ;
; Ignore ROW GLOBAL Buffers                                        ; Off                ; Off                ;
; Ignore LCELL Buffers                                             ; Off                ; Off                ;
; Ignore SOFT Buffers                                              ; On                 ; On                 ;
; Limit AHDL Integers to 32 Bits                                   ; Off                ; Off                ;
; Optimization Technique                                           ; Balanced           ; Balanced           ;
; Carry Chain Length                                               ; 70                 ; 70                 ;
; Auto Carry Chains                                                ; On                 ; On                 ;
; Auto Open-Drain Pins                                             ; On                 ; On                 ;
; Perform WYSIWYG Primitive Resynthesis                            ; Off                ; Off                ;
; Auto ROM Replacement                                             ; On                 ; On                 ;
; Auto RAM Replacement                                             ; On                 ; On                 ;
; Auto DSP Block Replacement                                       ; On                 ; On                 ;
; Auto Shift Register Replacement                                  ; Auto               ; Auto               ;
; Allow Shift Register Merging across Hierarchies                  ; Auto               ; Auto               ;
; Auto Clock Enable Replacement                                    ; On                 ; On                 ;
; Strict RAM Replacement                                           ; Off                ; Off                ;
; Allow Synchronous Control Signals                                ; On                 ; On                 ;
; Force Use of Synchronous Clear Signals                           ; Off                ; Off                ;
; Auto RAM Block Balancing                                         ; On                 ; On                 ;
; Auto RAM to Logic Cell Conversion                                ; Off                ; Off                ;
; Auto Resource Sharing                                            ; Off                ; Off                ;
; Allow Any RAM Size For Recognition                               ; Off                ; Off                ;
; Allow Any ROM Size For Recognition                               ; Off                ; Off                ;
; Allow Any Shift Register Size For Recognition                    ; Off                ; Off                ;
; Use LogicLock Constraints during Resource Balancing              ; On                 ; On                 ;
; Ignore translate_off and synthesis_off directives                ; Off                ; Off                ;
; Timing-Driven Synthesis                                          ; On                 ; On                 ;
; Report Parameter Settings                                        ; On                 ; On                 ;
; Report Source Assignments                                        ; On                 ; On                 ;
; Report Connectivity Checks                                       ; On                 ; On                 ;
; Ignore Maximum Fan-Out Assignments                               ; Off                ; Off                ;
; Synchronization Register Chain Length                            ; 2                  ; 2                  ;
; Power Optimization During Synthesis                              ; Normal compilation ; Normal compilation ;
; HDL message level                                                ; Level2             ; Level2             ;
; Suppress Register Optimization Related Messages                  ; Off                ; Off                ;
; Number of Removed Registers Reported in Synthesis Report         ; 5000               ; 5000               ;
; Number of Swept Nodes Reported in Synthesis Report               ; 5000               ; 5000               ;
; Number of Inverted Registers Reported in Synthesis Report        ; 100                ; 100                ;
; Clock MUX Protection                                             ; On                 ; On                 ;
; Auto Gated Clock Conversion                                      ; Off                ; Off                ;
; Block Design Naming                                              ; Auto               ; Auto               ;
; SDC constraint protection                                        ; Off                ; Off                ;
; Synthesis Effort                                                 ; Auto               ; Auto               ;
; Shift Register Replacement - Allow Asynchronous Clear Signal     ; On                 ; On                 ;
; Pre-Mapping Resynthesis Optimization                             ; Off                ; Off                ;
; Analysis & Synthesis Message Level                               ; Medium             ; Medium             ;
; Disable Register Merging Across Hierarchies                      ; Auto               ; Auto               ;
; Resource Aware Inference For Block RAM                           ; On                 ; On                 ;
+------------------------------------------------------------------+--------------------+--------------------+


+------------------------------------------+
; Parallel Compilation                     ;
+----------------------------+-------------+
; Processors                 ; Number      ;
+----------------------------+-------------+
; Number detected on machine ; 20          ;
; Maximum allowed            ; 14          ;
;                            ;             ;
; Average used               ; 1.00        ;
; Maximum used               ; 14          ;
;                            ;             ;
; Usage by Processor         ; % Time Used ;
;     Processor 1            ; 100.0%      ;
;     Processors 2-14        ;   0.0%      ;
+----------------------------+-------------+


+--------------------------------------------------------------------------------------------------------------------------------------------+
; Analysis & Synthesis Source Files Read                                                                                                     ;
+----------------------------------+-----------------+------------------------+----------------------------------------------------+---------+
; File Name with User-Entered Path ; Used in Netlist ; File Type              ; File Name with Absolute Path                       ; Library ;
+----------------------------------+-----------------+------------------------+----------------------------------------------------+---------+
; transmitter.v                    ; yes             ; User Verilog HDL File  ; C:/Users/thari/Desktop/DE0Verilog/transmitter.v    ;         ;
; receiver.v                       ; yes             ; User Verilog HDL File  ; C:/Users/thari/Desktop/DE0Verilog/receiver.v       ;         ;
; binary_to_7seg.v                 ; yes             ; User Verilog HDL File  ; C:/Users/thari/Desktop/DE0Verilog/binary_to_7seg.v ;         ;
; uart.v                           ; yes             ; User Verilog HDL File  ; C:/Users/thari/Desktop/DE0Verilog/uart.v           ;         ;
; de0_uart_top.v                   ; yes             ; User Verilog HDL File  ; C:/Users/thari/Desktop/DE0Verilog/de0_uart_top.v   ;         ;
+----------------------------------+-----------------+------------------------+----------------------------------------------------+---------+


+--------------------------------------------------------------+
; Analysis & Synthesis Resource Usage Summary                  ;
+---------------------------------------------+----------------+
; Resource                                    ; Usage          ;
+---------------------------------------------+----------------+
; Estimated Total logic elements              ; 127            ;
;                                             ;                ;
; Total combinational functions               ; 122            ;
; Logic element usage by number of LUT inputs ;                ;
;     -- 4 input functions                    ; 58             ;
;     -- 3 input functions                    ; 21             ;
;     -- <=2 input functions                  ; 43             ;
;                                             ;                ;
; Logic elements by mode                      ;                ;
;     -- normal mode                          ; 98             ;
;     -- arithmetic mode                      ; 24             ;
;                                             ;                ;
; Total registers                             ; 56             ;
;     -- Dedicated logic registers            ; 56             ;
;     -- I/O registers                        ; 0              ;
;                                             ;                ;
; I/O pins                                    ; 31             ;
;                                             ;                ;
; Embedded Multiplier 9-bit elements          ; 0              ;
;                                             ;                ;
; Maximum fan-out node                        ; CLOCK_50~input ;
; Maximum fan-out                             ; 56             ;
; Total fan-out                               ; 616            ;
; Average fan-out                             ; 2.57           ;
+---------------------------------------------+----------------+


+--------------------------------------------------------------------------------------------------------------------------------------------------------------------------------------------------------------------------------------------------------+
; Analysis & Synthesis Resource Utilization by Entity                                                                                                                                                                                                    ;
+-------------------------------------+---------------------+---------------------------+-------------+--------------+---------+-----------+------+--------------+-------------------------------------------------------+----------------+--------------+
; Compilation Hierarchy Node          ; Combinational ALUTs ; Dedicated Logic Registers ; Memory Bits ; DSP Elements ; DSP 9x9 ; DSP 18x18 ; Pins ; Virtual Pins ; Full Hierarchy Name                                   ; Entity Name    ; Library Name ;
+-------------------------------------+---------------------+---------------------------+-------------+--------------+---------+-----------+------+--------------+-------------------------------------------------------+----------------+--------------+
; |de0_uart_top                       ; 122 (0)             ; 56 (0)                    ; 0           ; 0            ; 0       ; 0         ; 31   ; 0            ; |de0_uart_top                                         ; de0_uart_top   ; work         ;
;    |uart:u_uart|                    ; 122 (0)             ; 56 (0)                    ; 0           ; 0            ; 0       ; 0         ; 0    ; 0            ; |de0_uart_top|uart:u_uart                             ; uart           ; work         ;
;       |binary_to_7seg:rx_converter| ; 7 (7)               ; 0 (0)                     ; 0           ; 0            ; 0       ; 0         ; 0    ; 0            ; |de0_uart_top|uart:u_uart|binary_to_7seg:rx_converter ; binary_to_7seg ; work         ;
;       |binary_to_7seg:tx_converter| ; 7 (7)               ; 0 (0)                     ; 0           ; 0            ; 0       ; 0         ; 0    ; 0            ; |de0_uart_top|uart:u_uart|binary_to_7seg:tx_converter ; binary_to_7seg ; work         ;
;       |receiver:uart_rx|            ; 57 (57)             ; 30 (30)                   ; 0           ; 0            ; 0       ; 0         ; 0    ; 0            ; |de0_uart_top|uart:u_uart|receiver:uart_rx            ; receiver       ; work         ;
;       |transmitter:uart_tx|         ; 51 (51)             ; 26 (26)                   ; 0           ; 0            ; 0       ; 0         ; 0    ; 0            ; |de0_uart_top|uart:u_uart|transmitter:uart_tx         ; transmitter    ; work         ;
+-------------------------------------+---------------------+---------------------------+-------------+--------------+---------+-----------+------+--------------+-------------------------------------------------------+----------------+--------------+
Note: For table entries with two numbers listed, the numbers in parentheses indicate the number of resources of the given type used by the specific entity alone. The numbers listed outside of parentheses indicate the total resources of the given type used by the specific entity and all of its sub-entities in the hierarchy.


Encoding Type:  One-Hot
+---------------------------------------------------------------------------------+
; State Machine - |de0_uart_top|uart:u_uart|receiver:uart_rx|state                ;
+----------------+---------------+---------------+----------------+---------------+
; Name           ; state.RX_STOP ; state.RX_DATA ; state.RX_START ; state.RX_IDLE ;
+----------------+---------------+---------------+----------------+---------------+
; state.RX_IDLE  ; 0             ; 0             ; 0              ; 0             ;
; state.RX_START ; 0             ; 0             ; 1              ; 1             ;
; state.RX_DATA  ; 0             ; 1             ; 0              ; 1             ;
; state.RX_STOP  ; 1             ; 0             ; 0              ; 1             ;
+----------------+---------------+---------------+----------------+---------------+


Encoding Type:  One-Hot
+---------------------------------------------------------------------------------+
; State Machine - |de0_uart_top|uart:u_uart|transmitter:uart_tx|state             ;
+----------------+---------------+---------------+----------------+---------------+
; Name           ; state.TX_STOP ; state.TX_DATA ; state.TX_START ; state.TX_IDLE ;
+----------------+---------------+---------------+----------------+---------------+
; state.TX_IDLE  ; 0             ; 0             ; 0              ; 0             ;
; state.TX_START ; 0             ; 0             ; 1              ; 1             ;
; state.TX_DATA  ; 0             ; 1             ; 0              ; 1             ;
; state.TX_STOP  ; 1             ; 0             ; 0              ; 1             ;
+----------------+---------------+---------------+----------------+---------------+


+-----------------------------------------------------------------------------------------+
; Registers Removed During Synthesis                                                      ;
+------------------------------------------------+----------------------------------------+
; Register name                                  ; Reason for Removal                     ;
+------------------------------------------------+----------------------------------------+
; uart:u_uart|transmitter:uart_tx|data_reg[4..7] ; Stuck at GND due to stuck port data_in ;
; uart:u_uart|receiver:uart_rx|state~8           ; Lost fanout                            ;
; uart:u_uart|receiver:uart_rx|state~9           ; Lost fanout                            ;
; uart:u_uart|transmitter:uart_tx|state~7        ; Lost fanout                            ;
; uart:u_uart|transmitter:uart_tx|state~8        ; Lost fanout                            ;
; Total Number of Removed Registers = 8          ;                                        ;
+------------------------------------------------+----------------------------------------+


+------------------------------------------------------+
; General Register Statistics                          ;
+----------------------------------------------+-------+
; Statistic                                    ; Value ;
+----------------------------------------------+-------+
; Total registers                              ; 56    ;
; Number of registers using Synchronous Clear  ; 13    ;
; Number of registers using Synchronous Load   ; 0     ;
; Number of registers using Asynchronous Clear ; 56    ;
; Number of registers using Asynchronous Load  ; 0     ;
; Number of registers using Clock Enable       ; 4     ;
; Number of registers using Preset             ; 0     ;
+----------------------------------------------+-------+


+--------------------------------------------------+
; Inverted Register Statistics                     ;
+----------------------------------------+---------+
; Inverted Register                      ; Fan out ;
+----------------------------------------+---------+
; uart:u_uart|transmitter:uart_tx|tx     ; 1       ;
; uart:u_uart|receiver:uart_rx|rx_sync_2 ; 12      ;
; uart:u_uart|receiver:uart_rx|rx_sync_1 ; 1       ;
; Total number of inverted registers = 3 ;         ;
+----------------------------------------+---------+


+------------------------------------------------------------------------------------------------------------------------------------------------------------------------+
; Multiplexer Restructuring Statistics (Restructuring Performed)                                                                                                         ;
+--------------------+-----------+---------------+----------------------+------------------------+------------+----------------------------------------------------------+
; Multiplexer Inputs ; Bus Width ; Baseline Area ; Area if Restructured ; Saving if Restructured ; Registered ; Example Multiplexer Output                               ;
+--------------------+-----------+---------------+----------------------+------------------------+------------+----------------------------------------------------------+
; 5:1                ; 13 bits   ; 39 LEs        ; 13 LEs               ; 26 LEs                 ; Yes        ; |de0_uart_top|uart:u_uart|receiver:uart_rx|clk_count[1]  ;
; 3:1                ; 3 bits    ; 6 LEs         ; 6 LEs                ; 0 LEs                  ; No         ; |de0_uart_top|uart:u_uart|receiver:uart_rx|bit_count     ;
; 3:1                ; 3 bits    ; 6 LEs         ; 6 LEs                ; 0 LEs                  ; No         ; |de0_uart_top|uart:u_uart|transmitter:uart_tx|bit_count  ;
; 6:1                ; 2 bits    ; 8 LEs         ; 4 LEs                ; 4 LEs                  ; No         ; |de0_uart_top|uart:u_uart|transmitter:uart_tx|Selector18 ;
; 8:1                ; 2 bits    ; 10 LEs        ; 4 LEs                ; 6 LEs                  ; No         ; |de0_uart_top|uart:u_uart|receiver:uart_rx|Selector19    ;
; 8:1                ; 2 bits    ; 10 LEs        ; 4 LEs                ; 6 LEs                  ; No         ; |de0_uart_top|uart:u_uart|receiver:uart_rx|Selector18    ;
; 8:1                ; 2 bits    ; 10 LEs        ; 4 LEs                ; 6 LEs                  ; No         ; |de0_uart_top|uart:u_uart|transmitter:uart_tx|Selector17 ;
+--------------------+-----------+---------------+----------------------+------------------------+------------+----------------------------------------------------------+


+----------------------------------------------------------+
; Parameter Settings for User Entity Instance: uart:u_uart ;
+------------------+-------+-------------------------------+
; Parameter Name   ; Value ; Type                          ;
+------------------+-------+-------------------------------+
; CLOCKS_PER_PULSE ; 5208  ; Signed Integer                ;
+------------------+-------+-------------------------------+
Note: In order to hide this table in the UI and the text report file, please set the "Show Parameter Settings in Synthesis Report" option in "Analysis and Synthesis Settings -> More Settings" to "Off".


+------------------------------------------------------------------------------+
; Parameter Settings for User Entity Instance: uart:u_uart|transmitter:uart_tx ;
+------------------+-------+---------------------------------------------------+
; Parameter Name   ; Value ; Type                                              ;
+------------------+-------+---------------------------------------------------+
; CLOCKS_PER_PULSE ; 5208  ; Signed Integer                                    ;
+------------------+-------+---------------------------------------------------+
Note: In order to hide this table in the UI and the text report file, please set the "Show Parameter Settings in Synthesis Report" option in "Analysis and Synthesis Settings -> More Settings" to "Off".


+---------------------------------------------------------------------------+
; Parameter Settings for User Entity Instance: uart:u_uart|receiver:uart_rx ;
+------------------+-------+------------------------------------------------+
; Parameter Name   ; Value ; Type                                           ;
+------------------+-------+------------------------------------------------+
; CLOCKS_PER_PULSE ; 5208  ; Signed Integer                                 ;
+------------------+-------+------------------------------------------------+
Note: In order to hide this table in the UI and the text report file, please set the "Show Parameter Settings in Synthesis Report" option in "Analysis and Synthesis Settings -> More Settings" to "Off".


+-------------------------------------------------------------+
; Port Connectivity Checks: "uart:u_uart|transmitter:uart_tx" ;
+---------------+-------+----------+--------------------------+
; Port          ; Type  ; Severity ; Details                  ;
+---------------+-------+----------+--------------------------+
; data_in[7..4] ; Input ; Info     ; Stuck at GND             ;
+---------------+-------+----------+--------------------------+


+---------------------------------------------------------------------------------------------------------------------+
; Port Connectivity Checks: "uart:u_uart"                                                                             ;
+-----------+--------+----------+-------------------------------------------------------------------------------------+
; Port      ; Type   ; Severity ; Details                                                                             ;
+-----------+--------+----------+-------------------------------------------------------------------------------------+
; tx_busy   ; Output ; Info     ; Connected to dangling logic. Logic that only feeds a dangling port will be removed. ;
; ready_clr ; Input  ; Info     ; Stuck at GND                                                                        ;
; ready     ; Output ; Info     ; Connected to dangling logic. Logic that only feeds a dangling port will be removed. ;
+-----------+--------+----------+-------------------------------------------------------------------------------------+


+-----------------------------------------------------+
; Post-Synthesis Netlist Statistics for Top Partition ;
+-----------------------+-----------------------------+
; Type                  ; Count                       ;
+-----------------------+-----------------------------+
; boundary_port         ; 31                          ;
; cycloneiii_ff         ; 56                          ;
;     CLR               ; 39                          ;
;     CLR SCLR          ; 13                          ;
;     ENA CLR           ; 4                           ;
; cycloneiii_lcell_comb ; 125                         ;
;     arith             ; 24                          ;
;         2 data inputs ; 24                          ;
;     normal            ; 101                         ;
;         1 data inputs ; 7                           ;
;         2 data inputs ; 15                          ;
;         3 data inputs ; 21                          ;
;         4 data inputs ; 58                          ;
;                       ;                             ;
; Max LUT depth         ; 5.00                        ;
; Average LUT depth     ; 3.22                        ;
+-----------------------+-----------------------------+


+-------------------------------+
; Elapsed Time Per Partition    ;
+----------------+--------------+
; Partition Name ; Elapsed Time ;
+----------------+--------------+
; Top            ; 00:00:00     ;
+----------------+--------------+


+-------------------------------+
; Analysis & Synthesis Messages ;
+-------------------------------+
Info: *******************************************************************
Info: Running Quartus Prime Analysis & Synthesis
    Info: Version 25.1std.0 Build 1129 10/21/2025 SC Lite Edition
    Info: Processing started: Mon Apr  6 18:21:45 2026
Info: Command: quartus_map --read_settings_files=on --write_settings_files=off de0verilog -c de0verilog
Warning (18236): Number of processors has not been specified which may cause overloading on shared machines.  Set the global assignment NUM_PARALLEL_PROCESSORS in your QSF to an appropriate value for best performance.
Info (20030): Parallel compilation is enabled and will use 14 of the 14 processors detected
Info (12021): Found 1 design units, including 1 entities, in source file transmitter.v
    Info (12023): Found entity 1: transmitter File: C:/Users/thari/Desktop/DE0Verilog/transmitter.v Line: 1
Info (12021): Found 1 design units, including 1 entities, in source file receiver.v
    Info (12023): Found entity 1: receiver File: C:/Users/thari/Desktop/DE0Verilog/receiver.v Line: 1
Info (12021): Found 1 design units, including 1 entities, in source file binary_to_7seg.v
    Info (12023): Found entity 1: binary_to_7seg File: C:/Users/thari/Desktop/DE0Verilog/binary_to_7seg.v Line: 1
Info (12021): Found 1 design units, including 1 entities, in source file uart.v
    Info (12023): Found entity 1: uart File: C:/Users/thari/Desktop/DE0Verilog/uart.v Line: 1
Info (12021): Found 1 design units, including 1 entities, in source file de0_uart_top.v
    Info (12023): Found entity 1: de0_uart_top File: C:/Users/thari/Desktop/DE0Verilog/de0_uart_top.v Line: 1
Info (12127): Elaborating entity "de0_uart_top" for the top level hierarchy
Info (12128): Elaborating entity "uart" for hierarchy "uart:u_uart" File: C:/Users/thari/Desktop/DE0Verilog/de0_uart_top.v Line: 48
Info (12128): Elaborating entity "transmitter" for hierarchy "uart:u_uart|transmitter:uart_tx" File: C:/Users/thari/Desktop/DE0Verilog/uart.v Line: 32
Info (12128): Elaborating entity "receiver" for hierarchy "uart:u_uart|receiver:uart_rx" File: C:/Users/thari/Desktop/DE0Verilog/uart.v Line: 43
Info (12128): Elaborating entity "binary_to_7seg" for hierarchy "uart:u_uart|binary_to_7seg:tx_converter" File: C:/Users/thari/Desktop/DE0Verilog/uart.v Line: 48
Info (13000): Registers with preset signals will power-up high File: C:/Users/thari/Desktop/DE0Verilog/transmitter.v Line: 8
Info (13003): DEV_CLRn pin will set, and not reset, register with preset signal due to NOT Gate Push-Back
Info (286030): Timing-Driven Synthesis is running
Info (17049): 4 registers lost all their fanouts during netlist optimizations.
Info (16010): Generating hard_block partition "hard_block:auto_generated_inst"
    Info (16011): Adding 0 node(s), including 0 DDIO, 0 PLL, 0 transceiver and 0 LCELL
Info (21057): Implemented 158 device resources after synthesis - the final resource count might be different
    Info (21058): Implemented 8 input pins
    Info (21059): Implemented 23 output pins
    Info (21061): Implemented 127 logic cells
Info: Quartus Prime Analysis & Synthesis was successful. 0 errors, 1 warning
    Info: Peak virtual memory: 4866 megabytes
    Info: Processing ended: Mon Apr  6 18:21:53 2026
    Info: Elapsed time: 00:00:08
    Info: Total CPU time (on all processors): 00:00:20


